<?xml version="1.0" encoding="UTF-8"?>
<!-- Generated by org.testng.reporters.JUnitReportReporter -->
<testsuite skipped="0" hostname="DESKTOP-497RQHS" name="com.attainia.UserActivity.TestScripts.TestCases" tests="9" failures="0" timestamp="2019-11-16T00:07:19 PST" time="1.262" errors="0">
  <testcase name="checkTable" time="0.060" classname="com.attainia.UserActivity.TestScripts.TestCases"/>
  <testcase name="linkVisible" time="0.025" classname="com.attainia.UserActivity.TestScripts.TestCases"/>
  <testcase name="linkClick" time="0.111" classname="com.attainia.UserActivity.TestScripts.TestCases"/>
  <testcase name="link2Click" time="0.113" classname="com.attainia.UserActivity.TestScripts.TestCases"/>
  <testcase name="init" time="0.036" classname="com.attainia.UserActivity.TestScripts.TestCases"/>
  <testcase name="checkRedOnClick" time="0.389" classname="com.attainia.UserActivity.TestScripts.TestCases"/>
  <testcase name="checkGreenOnClick" time="0.464" classname="com.attainia.UserActivity.TestScripts.TestCases"/>
  <testcase name="checkRows" time="0.032" classname="com.attainia.UserActivity.TestScripts.TestCases"/>
  <testcase name="checkColumns" time="0.032" classname="com.attainia.UserActivity.TestScripts.TestCases"/>
</testsuite> <!-- com.attainia.UserActivity.TestScripts.TestCases -->
